[     176ms] [WARNING] A preload for 'http://localhost:3000/hero-image.webp' is found, but is not used because the request credentials mode does not match. Consider taking a look at crossorigin attribute. @ http://localhost:3000/:0
[     339ms] [WARNING] Ignoring Event: localhost @ https://analytics.ahrefs.com/analytics.js:0
[    1000ms] [INFO] This page uses Chrome's Built-In AI features (LanguageDetector)! We're always improving our models; please submit your feedback here: https://issues.chromium.org/issues/new?component=1583316 @ chrome-extension://bpoadfkcbjbfhfodiogcnhhhpibjhbnh/content_main.js:4528
[    1115ms] [INFO] %cDownload the React DevTools for a better development experience: https://react.dev/link/react-devtools font-weight:bold @ webpack-internal:///(app-pages-browser)/./node_modules/next/dist/compiled/react-dom/cjs/react-dom-client.development.js:24914
[    1231ms] [ERROR] A tree hydrated but some attributes of the server rendered HTML didn't match the client properties. This won't be patched up. This can happen if a SSR-ed Client Component used:

- A server/client branch `if (typeof window !== 'undefined')`.
- Variable input such as `Date.now()` or `Math.random()` which changes each time it's called.
- Date formatting in a user's locale which doesn't match the server.
- External changing data without sending a snapshot of it along with the HTML.
- Invalid HTML tag nesting.

It can also happen if the client has a browser extension installed which messes with the HTML before React loaded.

%s%s https://react.dev/link/hydration-mismatch 

  ...
    <HotReload assetPrefix="" globalError={[...]}>
      <AppDevOverlay state={{nextId:1, ...}} globalError={[...]}>
        <AppDevOverlayErrorBoundary globalError={[...]} onError={function bound dispatchSetState}>
          <ReplaySsrOnlyErrors>
          <DevRootHTTPAccessFallbackBoundary>
            <HTTPAccessFallbackBoundary notFound={<NotAllowedRootHTTPFallbackError>}>
              <HTTPAccessFallbackErrorBoundary pathname="/" notFound={<NotAllowedRootHTTPFallbackError>} ...>
                <RedirectBoundary>
                  <RedirectErrorBoundary router={{...}}>
                    <Head>
                    <link>
                    <RootLayout>
                      <html
                        lang="en"
                        className="__variable_6d343d __variable_fa0ce4"
-                       data-immersive-translate-page-theme="light"
                      >
                    ...
        ...
 @ webpack-internal:///(app-pages-browser)/./node_modules/next/dist/client/components/globals/intercept-console-error.js:49
[    1603ms] [LOG] Immersive Translate INFO: sync remote rules success, latest: 30/04/2026, 13:50:54 @ chrome-extension://bpoadfkcbjbfhfodiogcnhhhpibjhbnh/content_main.js:4504
[    6096ms] [WARNING] The resource http://localhost:3000/hero-image.webp was preloaded using link preload but not used within a few seconds from the window's load event. Please make sure it has an appropriate `as` value and it is preloaded intentionally. @ http://localhost:3000/:0
[   13758ms] [WARNING] The resource http://localhost:3000/hero-image.webp was preloaded using link preload but not used within a few seconds from the window's load event. Please make sure it has an appropriate `as` value and it is preloaded intentionally. @ http://localhost:3000/:0
[   24307ms] [WARNING] The resource http://localhost:3000/hero-image.webp was preloaded using link preload but not used within a few seconds from the window's load event. Please make sure it has an appropriate `as` value and it is preloaded intentionally. @ http://localhost:3000/:0
[   29285ms] [WARNING] The resource http://localhost:3000/hero-image.webp was preloaded using link preload but not used within a few seconds from the window's load event. Please make sure it has an appropriate `as` value and it is preloaded intentionally. @ http://localhost:3000/:0
[   44698ms] [WARNING] The resource http://localhost:3000/hero-image.webp was preloaded using link preload but not used within a few seconds from the window's load event. Please make sure it has an appropriate `as` value and it is preloaded intentionally. @ http://localhost:3000/:0
[  101863ms] [WARNING] The resource http://localhost:3000/hero-image.webp was preloaded using link preload but not used within a few seconds from the window's load event. Please make sure it has an appropriate `as` value and it is preloaded intentionally. @ http://localhost:3000/:0
[  106439ms] [WARNING] The resource http://localhost:3000/hero-image.webp was preloaded using link preload but not used within a few seconds from the window's load event. Please make sure it has an appropriate `as` value and it is preloaded intentionally. @ http://localhost:3000/:0
[  153440ms] [WARNING] Image with src "/logos/logo-footer.png" has either width or height modified, but not the other. If you use CSS to change the size of your image, also include the styles 'width: "auto"' or 'height: "auto"' to maintain the aspect ratio. @ webpack-internal:///(app-pages-browser)/./node_modules/next/dist/shared/lib/utils/warn-once.js:15
[  156442ms] [WARNING] The resource http://localhost:3000/hero-image.webp was preloaded using link preload but not used within a few seconds from the window's load event. Please make sure it has an appropriate `as` value and it is preloaded intentionally. @ http://localhost:3000/:0
[  161764ms] [WARNING] The resource http://localhost:3000/hero-image.webp was preloaded using link preload but not used within a few seconds from the window's load event. Please make sure it has an appropriate `as` value and it is preloaded intentionally. @ http://localhost:3000/:0
[  214129ms] [WARNING] The resource http://localhost:3000/hero-image.webp was preloaded using link preload but not used within a few seconds from the window's load event. Please make sure it has an appropriate `as` value and it is preloaded intentionally. @ http://localhost:3000/:0
[  223070ms] [WARNING] The resource http://localhost:3000/hero-image.webp was preloaded using link preload but not used within a few seconds from the window's load event. Please make sure it has an appropriate `as` value and it is preloaded intentionally. @ http://localhost:3000/:0
[  227654ms] [WARNING] The resource http://localhost:3000/hero-image.webp was preloaded using link preload but not used within a few seconds from the window's load event. Please make sure it has an appropriate `as` value and it is preloaded intentionally. @ http://localhost:3000/:0
[  297226ms] [WARNING] The resource http://localhost:3000/hero-image.webp was preloaded using link preload but not used within a few seconds from the window's load event. Please make sure it has an appropriate `as` value and it is preloaded intentionally. @ http://localhost:3000/:0
[  363124ms] [WARNING] The resource http://localhost:3000/hero-image.webp was preloaded using link preload but not used within a few seconds from the window's load event. Please make sure it has an appropriate `as` value and it is preloaded intentionally. @ http://localhost:3000/:0
[  505056ms] [LOG] [Fast Refresh] rebuilding @ webpack-internal:///(app-pages-browser)/./node_modules/next/dist/client/components/react-dev-overlay/app/hot-reloader-client.js:241
[  505246ms] [LOG] [Fast Refresh] done in 190ms @ webpack-internal:///(app-pages-browser)/./node_modules/next/dist/client/components/react-dev-overlay/app/hot-reloader-client.js:73
[  508252ms] [WARNING] The resource http://localhost:3000/hero-image.webp was preloaded using link preload but not used within a few seconds from the window's load event. Please make sure it has an appropriate `as` value and it is preloaded intentionally. @ http://localhost:3000/:0
[ 1195672ms] [WARNING] The resource http://localhost:3000/hero-image.webp was preloaded using link preload but not used within a few seconds from the window's load event. Please make sure it has an appropriate `as` value and it is preloaded intentionally. @ http://localhost:3000/:0
